<?xml version="1.0" encoding="UTF-8"?>
<testsuite name="com.epam.algorithms.LinkedListPrototypeTest" tests="4" skipped="0" failures="0" errors="0" timestamp="2019-06-19T12:13:44" hostname="egor-VirtualBox" time="0.005">
  <properties/>
  <testcase name="addFirst" classname="com.epam.algorithms.LinkedListPrototypeTest" time="0.001"/>
  <testcase name="removeFirst" classname="com.epam.algorithms.LinkedListPrototypeTest" time="0.0"/>
  <testcase name="head" classname="com.epam.algorithms.LinkedListPrototypeTest" time="0.0"/>
  <testcase name="size" classname="com.epam.algorithms.LinkedListPrototypeTest" time="0.001"/>
  <system-out><![CDATA[]]></system-out>
  <system-err><![CDATA[]]></system-err>
</testsuite>
